<?xml version="1.0" encoding="UTF-8"?>
<testsuite xmlns:xsi="http://www.w3.org/2001/XMLSchema-instance" xsi:noNamespaceSchemaLocation="https://maven.apache.org/surefire/maven-surefire-plugin/xsd/surefire-test-report.xsd" name="latihan.candra.AppTest" time="0.197" tests="1" errors="0" skipped="0" failures="0">
  <properties>
    <property name="awt.toolkit" value="sun.awt.X11.XToolkit"/>
    <property name="file.encoding.pkg" value="sun.io"/>
    <property name="java.specification.version" value="1.8"/>
    <property name="sun.cpu.isalist" value=""/>
    <property name="sun.jnu.encoding" value="UTF-8"/>
    <property name="java.class.path" value="/opt/belajar-maven/target/test-classes:/opt/belajar-maven/target/classes:/root/.m2/repository/junit/junit/4.11/junit-4.11.jar:/root/.m2/repository/org/hamcrest/hamcrest-core/1.3/hamcrest-core-1.3.jar:/root/.m2/repository/joda-time/joda-time/2.4/joda-time-2.4.jar:/root/.m2/repository/org/hibernate/hibernate-core/5.4.1.Final/hibernate-core-5.4.1.Final.jar:/root/.m2/repository/org/jboss/logging/jboss-logging/3.3.2.Final/jboss-logging-3.3.2.Final.jar:/root/.m2/repository/javax/persistence/javax.persistence-api/2.2/javax.persistence-api-2.2.jar:/root/.m2/repository/org/javassist/javassist/3.24.0-GA/javassist-3.24.0-GA.jar:/root/.m2/repository/net/bytebuddy/byte-buddy/1.9.5/byte-buddy-1.9.5.jar:/root/.m2/repository/antlr/antlr/2.7.7/antlr-2.7.7.jar:/root/.m2/repository/org/jboss/spec/javax/transaction/jboss-transaction-api_1.2_spec/1.1.1.Final/jboss-transaction-api_1.2_spec-1.1.1.Final.jar:/root/.m2/repository/org/jboss/jandex/2.0.5.Final/jandex-2.0.5.Final.jar:/root/.m2/repository/com/fasterxml/classmate/1.3.4/classmate-1.3.4.jar:/root/.m2/repository/javax/activation/javax.activation-api/1.2.0/javax.activation-api-1.2.0.jar:/root/.m2/repository/org/dom4j/dom4j/2.1.1/dom4j-2.1.1.jar:/root/.m2/repository/org/hibernate/common/hibernate-commons-annotations/5.1.0.Final/hibernate-commons-annotations-5.1.0.Final.jar:/root/.m2/repository/javax/xml/bind/jaxb-api/2.3.1/jaxb-api-2.3.1.jar:/root/.m2/repository/org/glassfish/jaxb/jaxb-runtime/2.3.1/jaxb-runtime-2.3.1.jar:/root/.m2/repository/org/glassfish/jaxb/txw2/2.3.1/txw2-2.3.1.jar:/root/.m2/repository/com/sun/istack/istack-commons-runtime/3.0.7/istack-commons-runtime-3.0.7.jar:/root/.m2/repository/org/jvnet/staxex/stax-ex/1.8/stax-ex-1.8.jar:/root/.m2/repository/com/sun/xml/fastinfoset/FastInfoset/1.2.15/FastInfoset-1.2.15.jar:/root/.m2/repository/org/springframework/spring-context/5.1.5.RELEASE/spring-context-5.1.5.RELEASE.jar:/root/.m2/repository/org/springframework/spring-aop/5.1.5.RELEASE/spring-aop-5.1.5.RELEASE.jar:/root/.m2/repository/org/springframework/spring-beans/5.1.5.RELEASE/spring-beans-5.1.5.RELEASE.jar:/root/.m2/repository/org/springframework/spring-core/5.1.5.RELEASE/spring-core-5.1.5.RELEASE.jar:/root/.m2/repository/org/springframework/spring-jcl/5.1.5.RELEASE/spring-jcl-5.1.5.RELEASE.jar:/root/.m2/repository/org/springframework/spring-expression/5.1.5.RELEASE/spring-expression-5.1.5.RELEASE.jar:/root/.m2/repository/com/fasterxml/jackson/core/jackson-databind/2.9.8/jackson-databind-2.9.8.jar:/root/.m2/repository/com/fasterxml/jackson/core/jackson-annotations/2.9.0/jackson-annotations-2.9.0.jar:/root/.m2/repository/com/fasterxml/jackson/core/jackson-core/2.9.8/jackson-core-2.9.8.jar:/root/.m2/repository/org/onosproject/onos-yang-maven-plugin/1.11/onos-yang-maven-plugin-1.11.jar:/root/.m2/repository/org/apache/maven/maven-core/3.3.9/maven-core-3.3.9.jar:/root/.m2/repository/org/apache/maven/maven-settings/3.3.9/maven-settings-3.3.9.jar:/root/.m2/repository/org/apache/maven/maven-settings-builder/3.3.9/maven-settings-builder-3.3.9.jar:/root/.m2/repository/org/apache/maven/maven-builder-support/3.3.9/maven-builder-support-3.3.9.jar:/root/.m2/repository/org/apache/maven/maven-repository-metadata/3.3.9/maven-repository-metadata-3.3.9.jar:/root/.m2/repository/org/apache/maven/maven-model-builder/3.3.9/maven-model-builder-3.3.9.jar:/root/.m2/repository/org/apache/maven/maven-aether-provider/3.3.9/maven-aether-provider-3.3.9.jar:/root/.m2/repository/org/eclipse/aether/aether-spi/1.0.2.v20150114/aether-spi-1.0.2.v20150114.jar:/root/.m2/repository/org/eclipse/aether/aether-impl/1.0.2.v20150114/aether-impl-1.0.2.v20150114.jar:/root/.m2/repository/org/eclipse/aether/aether-api/1.0.2.v20150114/aether-api-1.0.2.v20150114.jar:/root/.m2/repository/org/eclipse/aether/aether-util/1.0.2.v20150114/aether-util-1.0.2.v20150114.jar:/root/.m2/repository/org/eclipse/sisu/org.eclipse.sisu.plexus/0.3.2/org.eclipse.sisu.plexus-0.3.2.jar:/root/.m2/repository/javax/enterprise/cdi-api/1.0/cdi-api-1.0.jar:/root/.m2/repository/javax/annotation/jsr250-api/1.0/jsr250-api-1.0.jar:/root/.m2/repository/org/eclipse/sisu/org.eclipse.sisu.inject/0.3.2/org.eclipse.sisu.inject-0.3.2.jar:/root/.m2/repository/com/google/inject/guice/4.0/guice-4.0-no_aop.jar:/root/.m2/repository/javax/inject/javax.inject/1/javax.inject-1.jar:/root/.m2/repository/aopalliance/aopalliance/1.0/aopalliance-1.0.jar:/root/.m2/repository/org/codehaus/plexus/plexus-interpolation/1.21/plexus-interpolation-1.21.jar:/root/.m2/repository/org/codehaus/plexus/plexus-utils/3.0.22/plexus-utils-3.0.22.jar:/root/.m2/repository/org/codehaus/plexus/plexus-classworlds/2.5.2/plexus-classworlds-2.5.2.jar:/root/.m2/repository/org/codehaus/plexus/plexus-component-annotations/1.6/plexus-component-annotations-1.6.jar:/root/.m2/repository/org/sonatype/plexus/plexus-sec-dispatcher/1.3/plexus-sec-dispatcher-1.3.jar:/root/.m2/repository/org/sonatype/plexus/plexus-cipher/1.4/plexus-cipher-1.4.jar:/root/.m2/repository/org/apache/commons/commons-lang3/3.4/commons-lang3-3.4.jar:/root/.m2/repository/org/apache/maven/maven-plugin-api/3.3.9/maven-plugin-api-3.3.9.jar:/root/.m2/repository/org/apache/felix/maven-scr-plugin/1.21.0/maven-scr-plugin-1.21.0.jar:/root/.m2/repository/org/apache/maven/maven-archiver/2.2/maven-archiver-2.2.jar:/root/.m2/repository/org/codehaus/plexus/plexus-archiver/1.0-alpha-7/plexus-archiver-1.0-alpha-7.jar:/root/.m2/repository/org/apache/felix/org.apache.felix.scr.generator/1.13.0/org.apache.felix.scr.generator-1.13.0.jar:/root/.m2/repository/org/ow2/asm/asm-all/5.0.2/asm-all-5.0.2.jar:/root/.m2/repository/org/osgi/org.osgi.core/4.2.0/org.osgi.core-4.2.0.jar:/root/.m2/repository/org/osgi/org.osgi.compendium/4.2.0/org.osgi.compendium-4.2.0.jar:/root/.m2/repository/org/sonatype/plexus/plexus-build-api/0.0.7/plexus-build-api-0.0.7.jar:/root/.m2/repository/org/apache/maven/maven-artifact/3.3.9/maven-artifact-3.3.9.jar:/root/.m2/repository/org/apache/maven/maven-project/3.0-alpha-2/maven-project-3.0-alpha-2.jar:/root/.m2/repository/org/apache/maven/maven-compat/3.0-alpha-2/maven-compat-3.0-alpha-2.jar:/root/.m2/repository/org/apache/maven/wagon/wagon-provider-api/1.0-beta-4/wagon-provider-api-1.0-beta-4.jar:/root/.m2/repository/org/codehaus/plexus/plexus-container-default/1.0-beta-3.0.5/plexus-container-default-1.0-beta-3.0.5.jar:/root/.m2/repository/org/apache/xbean/xbean-reflect/3.4/xbean-reflect-3.4.jar:/root/.m2/repository/log4j/log4j/1.2.12/log4j-1.2.12.jar:/root/.m2/repository/commons-logging/commons-logging-api/1.1/commons-logging-api-1.1.jar:/root/.m2/repository/com/google/code/google-collections/google-collect/snapshot-20080530/google-collect-snapshot-20080530.jar:/root/.m2/repository/org/codehaus/woodstox/wstx-asl/3.2.6/wstx-asl-3.2.6.jar:/root/.m2/repository/stax/stax-api/1.0.1/stax-api-1.0.1.jar:/root/.m2/repository/org/sonatype/spice/model-builder/1.3/model-builder-1.3.jar:/root/.m2/repository/org/apache/maven/maven-project-builder/3.0-alpha-2/maven-project-builder-3.0-alpha-2.jar:/root/.m2/repository/org/apache/maven/maven-model/3.3.9/maven-model-3.3.9.jar:/root/.m2/repository/org/codehaus/mojo/build-helper-maven-plugin/1.10/build-helper-maven-plugin-1.10.jar:/root/.m2/repository/org/beanshell/bsh/2.0b4/bsh-2.0b4.jar:/root/.m2/repository/org/onosproject/onos-yang-tool/1.11/onos-yang-tool-1.11.jar:/root/.m2/repository/org/onosproject/onos-yang-utils-parser/1.11/onos-yang-utils-parser-1.11.jar:/root/.m2/repository/org/antlr/antlr4-runtime/4.5.3/antlr4-runtime-4.5.3.jar:/root/.m2/repository/org/onosproject/onos-yang-datamodel/1.11/onos-yang-datamodel-1.11.jar:/root/.m2/repository/org/onosproject/onos-yang-utils-generator/1.11/onos-yang-utils-generator-1.11.jar:/root/.m2/repository/commons-io/commons-io/2.4/commons-io-2.4.jar:/root/.m2/repository/org/slf4j/slf4j-api/1.7.21/slf4j-api-1.7.21.jar:/root/.m2/repository/com/google/guava/guava/19.0/guava-19.0.jar:/root/.m2/repository/javax/servlet/servlet-api/3.0-alpha-1/servlet-api-3.0-alpha-1.jar:/root/.m2/repository/com/amazonaws/aws-java-sdk/1.11.505/aws-java-sdk-1.11.505.jar:/root/.m2/repository/com/amazonaws/aws-java-sdk-worklink/1.11.505/aws-java-sdk-worklink-1.11.505.jar:/root/.m2/repository/com/amazonaws/jmespath-java/1.11.505/jmespath-java-1.11.505.jar:/root/.m2/repository/com/amazonaws/aws-java-sdk-backup/1.11.505/aws-java-sdk-backup-1.11.505.jar:/root/.m2/repository/com/amazonaws/aws-java-sdk-docdb/1.11.505/aws-java-sdk-docdb-1.11.505.jar:/root/.m2/repository/com/amazonaws/aws-java-sdk-apigatewayv2/1.11.505/aws-java-sdk-apigatewayv2-1.11.505.jar:/root/.m2/repository/com/amazonaws/aws-java-sdk-apigatewaymanagementapi/1.11.505/aws-java-sdk-apigatewaymanagementapi-1.11.505.jar:/root/.m2/repository/com/amazonaws/aws-java-sdk-kafka/1.11.505/aws-java-sdk-kafka-1.11.505.jar:/root/.m2/repository/com/amazonaws/aws-java-sdk-appmesh/1.11.505/aws-java-sdk-appmesh-1.11.505.jar:/root/.m2/repository/com/amazonaws/aws-java-sdk-licensemanager/1.11.505/aws-java-sdk-licensemanager-1.11.505.jar:/root/.m2/repository/com/amazonaws/aws-java-sdk-securityhub/1.11.505/aws-java-sdk-securityhub-1.11.505.jar:/root/.m2/repository/com/amazonaws/aws-java-sdk-fsx/1.11.505/aws-java-sdk-fsx-1.11.505.jar:/root/.m2/repository/com/amazonaws/aws-java-sdk-mediaconnect/1.11.505/aws-java-sdk-mediaconnect-1.11.505.jar:/root/.m2/repository/com/amazonaws/aws-java-sdk-kinesisanalyticsv2/1.11.505/aws-java-sdk-kinesisanalyticsv2-1.11.505.jar:/root/.m2/repository/com/amazonaws/aws-java-sdk-comprehendmedical/1.11.505/aws-java-sdk-comprehendmedical-1.11.505.jar:/root/.m2/repository/com/amazonaws/aws-java-sdk-globalaccelerator/1.11.505/aws-java-sdk-globalaccelerator-1.11.505.jar:/root/.m2/repository/com/amazonaws/aws-java-sdk-transfer/1.11.505/aws-java-sdk-transfer-1.11.505.jar:/root/.m2/repository/com/amazonaws/aws-java-sdk-datasync/1.11.505/aws-java-sdk-datasync-1.11.505.jar:/root/.m2/repository/com/amazonaws/aws-java-sdk-robomaker/1.11.505/aws-java-sdk-robomaker-1.11.505.jar:/root/.m2/repository/com/amazonaws/aws-java-sdk-amplify/1.11.505/aws-java-sdk-amplify-1.11.505.jar:/root/.m2/repository/com/amazonaws/aws-java-sdk-quicksight/1.11.505/aws-java-sdk-quicksight-1.11.505.jar:/root/.m2/repository/com/amazonaws/aws-java-sdk-rdsdata/1.11.505/aws-java-sdk-rdsdata-1.11.505.jar:/root/.m2/repository/com/amazonaws/aws-java-sdk-route53resolver/1.11.505/aws-java-sdk-route53resolver-1.11.505.jar:/root/.m2/repository/com/amazonaws/aws-java-sdk-ram/1.11.505/aws-java-sdk-ram-1.11.505.jar:/root/.m2/repository/com/amazonaws/aws-java-sdk-s3control/1.11.505/aws-java-sdk-s3control-1.11.505.jar:/root/.m2/repository/com/amazonaws/aws-java-sdk-pinpointsmsvoice/1.11.505/aws-java-sdk-pinpointsmsvoice-1.11.505.jar:/root/.m2/repository/com/amazonaws/aws-java-sdk-pinpointemail/1.11.505/aws-java-sdk-pinpointemail-1.11.505.jar:/root/.m2/repository/com/amazonaws/aws-java-sdk-chime/1.11.505/aws-java-sdk-chime-1.11.505.jar:/root/.m2/repository/com/amazonaws/aws-java-sdk-signer/1.11.505/aws-java-sdk-signer-1.11.505.jar:/root/.m2/repository/com/amazonaws/aws-java-sdk-dlm/1.11.505/aws-java-sdk-dlm-1.11.505.jar:/root/.m2/repository/com/amazonaws/aws-java-sdk-macie/1.11.505/aws-java-sdk-macie-1.11.505.jar:/root/.m2/repository/com/amazonaws/aws-java-sdk-eks/1.11.505/aws-java-sdk-eks-1.11.505.jar:/root/.m2/repository/com/amazonaws/aws-java-sdk-mediatailor/1.11.505/aws-java-sdk-mediatailor-1.11.505.jar:/root/.m2/repository/com/amazonaws/aws-java-sdk-neptune/1.11.505/aws-java-sdk-neptune-1.11.505.jar:/root/.m2/repository/com/amazonaws/aws-java-sdk-pi/1.11.505/aws-java-sdk-pi-1.11.505.jar:/root/.m2/repository/com/amazonaws/aws-java-sdk-iot1clickprojects/1.11.505/aws-java-sdk-iot1clickprojects-1.11.505.jar:/root/.m2/repository/com/amazonaws/aws-java-sdk-iot1clickdevices/1.11.505/aws-java-sdk-iot1clickdevices-1.11.505.jar:/root/.m2/repository/com/amazonaws/aws-java-sdk-iotanalytics/1.11.505/aws-java-sdk-iotanalytics-1.11.505.jar:/root/.m2/repository/com/amazonaws/aws-java-sdk-acmpca/1.11.505/aws-java-sdk-acmpca-1.11.505.jar:/root/.m2/repository/com/amazonaws/aws-java-sdk-secretsmanager/1.11.505/aws-java-sdk-secretsmanager-1.11.505.jar:/root/.m2/repository/com/amazonaws/aws-java-sdk-fms/1.11.505/aws-java-sdk-fms-1.11.505.jar:/root/.m2/repository/com/amazonaws/aws-java-sdk-connect/1.11.505/aws-java-sdk-connect-1.11.505.jar:/root/.m2/repository/com/amazonaws/aws-java-sdk-transcribe/1.11.505/aws-java-sdk-transcribe-1.11.505.jar:/root/.m2/repository/com/amazonaws/aws-java-sdk-autoscalingplans/1.11.505/aws-java-sdk-autoscalingplans-1.11.505.jar:/root/.m2/repository/com/amazonaws/aws-java-sdk-workmail/1.11.505/aws-java-sdk-workmail-1.11.505.jar:/root/.m2/repository/com/amazonaws/aws-java-sdk-servicediscovery/1.11.505/aws-java-sdk-servicediscovery-1.11.505.jar:/root/.m2/repository/com/amazonaws/aws-java-sdk-cloud9/1.11.505/aws-java-sdk-cloud9-1.11.505.jar:/root/.m2/repository/com/amazonaws/aws-java-sdk-serverlessapplicationrepository/1.11.505/aws-java-sdk-serverlessapplicationrepository-1.11.505.jar:/root/.m2/repository/com/amazonaws/aws-java-sdk-alexaforbusiness/1.11.505/aws-java-sdk-alexaforbusiness-1.11.505.jar:/root/.m2/repository/com/amazonaws/aws-java-sdk-resourcegroups/1.11.505/aws-java-sdk-resourcegroups-1.11.505.jar:/root/.m2/repository/com/amazonaws/aws-java-sdk-comprehend/1.11.505/aws-java-sdk-comprehend-1.11.505.jar:/root/.m2/repository/com/amazonaws/aws-java-sdk-translate/1.11.505/aws-java-sdk-translate-1.11.505.jar:/root/.m2/repository/com/amazonaws/aws-java-sdk-sagemaker/1.11.505/aws-java-sdk-sagemaker-1.11.505.jar:/root/.m2/repository/com/amazonaws/aws-java-sdk-iotjobsdataplane/1.11.505/aws-java-sdk-iotjobsdataplane-1.11.505.jar:/root/.m2/repository/com/amazonaws/aws-java-sdk-sagemakerruntime/1.11.505/aws-java-sdk-sagemakerruntime-1.11.505.jar:/root/.m2/repository/com/amazonaws/aws-java-sdk-kinesisvideo/1.11.505/aws-java-sdk-kinesisvideo-1.11.505.jar:/root/.m2/repository/io/netty/netty-codec-http/4.1.17.Final/netty-codec-http-4.1.17.Final.jar:/root/.m2/repository/io/netty/netty-codec/4.1.17.Final/netty-codec-4.1.17.Final.jar:/root/.m2/repository/io/netty/netty-handler/4.1.17.Final/netty-handler-4.1.17.Final.jar:/root/.m2/repository/io/netty/netty-buffer/4.1.17.Final/netty-buffer-4.1.17.Final.jar:/root/.m2/repository/io/netty/netty-common/4.1.17.Final/netty-common-4.1.17.Final.jar:/root/.m2/repository/io/netty/netty-transport/4.1.17.Final/netty-transport-4.1.17.Final.jar:/root/.m2/repository/io/netty/netty-resolver/4.1.17.Final/netty-resolver-4.1.17.Final.jar:/root/.m2/repository/com/amazonaws/aws-java-sdk-appsync/1.11.505/aws-java-sdk-appsync-1.11.505.jar:/root/.m2/repository/com/amazonaws/aws-java-sdk-guardduty/1.11.505/aws-java-sdk-guardduty-1.11.505.jar:/root/.m2/repository/com/amazonaws/aws-java-sdk-mq/1.11.505/aws-java-sdk-mq-1.11.505.jar:/root/.m2/repository/com/amazonaws/aws-java-sdk-mediaconvert/1.11.505/aws-java-sdk-mediaconvert-1.11.505.jar:/root/.m2/repository/com/amazonaws/aws-java-sdk-mediastore/1.11.505/aws-java-sdk-mediastore-1.11.505.jar:/root/.m2/repository/com/amazonaws/aws-java-sdk-mediastoredata/1.11.505/aws-java-sdk-mediastoredata-1.11.505.jar:/root/.m2/repository/com/amazonaws/aws-java-sdk-medialive/1.11.505/aws-java-sdk-medialive-1.11.505.jar:/root/.m2/repository/com/amazonaws/aws-java-sdk-mediapackage/1.11.505/aws-java-sdk-mediapackage-1.11.505.jar:/root/.m2/repository/com/amazonaws/aws-java-sdk-costexplorer/1.11.505/aws-java-sdk-costexplorer-1.11.505.jar:/root/.m2/repository/com/amazonaws/aws-java-sdk-pricing/1.11.505/aws-java-sdk-pricing-1.11.505.jar:/root/.m2/repository/com/amazonaws/aws-java-sdk-mobile/1.11.505/aws-java-sdk-mobile-1.11.505.jar:/root/.m2/repository/com/amazonaws/aws-java-sdk-cloudhsmv2/1.11.505/aws-java-sdk-cloudhsmv2-1.11.505.jar:/root/.m2/repository/com/amazonaws/aws-java-sdk-glue/1.11.505/aws-java-sdk-glue-1.11.505.jar:/root/.m2/repository/com/amazonaws/aws-java-sdk-migrationhub/1.11.505/aws-java-sdk-migrationhub-1.11.505.jar:/root/.m2/repository/com/amazonaws/aws-java-sdk-dax/1.11.505/aws-java-sdk-dax-1.11.505.jar:/root/.m2/repository/com/amazonaws/aws-java-sdk-greengrass/1.11.505/aws-java-sdk-greengrass-1.11.505.jar:/root/.m2/repository/com/amazonaws/aws-java-sdk-athena/1.11.505/aws-java-sdk-athena-1.11.505.jar:/root/.m2/repository/com/amazonaws/aws-java-sdk-marketplaceentitlement/1.11.505/aws-java-sdk-marketplaceentitlement-1.11.505.jar:/root/.m2/repository/com/amazonaws/aws-java-sdk-codestar/1.11.505/aws-java-sdk-codestar-1.11.505.jar:/root/.m2/repository/com/amazonaws/aws-java-sdk-lexmodelbuilding/1.11.505/aws-java-sdk-lexmodelbuilding-1.11.505.jar:/root/.m2/repository/com/amazonaws/aws-java-sdk-resourcegroupstaggingapi/1.11.505/aws-java-sdk-resourcegroupstaggingapi-1.11.505.jar:/root/.m2/repository/com/amazonaws/aws-java-sdk-pinpoint/1.11.505/aws-java-sdk-pinpoint-1.11.505.jar:/root/.m2/repository/com/amazonaws/aws-java-sdk-xray/1.11.505/aws-java-sdk-xray-1.11.505.jar:/root/.m2/repository/com/amazonaws/aws-java-sdk-opsworkscm/1.11.505/aws-java-sdk-opsworkscm-1.11.505.jar:/root/.m2/repository/com/amazonaws/aws-java-sdk-support/1.11.505/aws-java-sdk-support-1.11.505.jar:/root/.m2/repository/com/amazonaws/aws-java-sdk-simpledb/1.11.505/aws-java-sdk-simpledb-1.11.505.jar:/root/.m2/repository/com/amazonaws/aws-java-sdk-servicecatalog/1.11.505/aws-java-sdk-servicecatalog-1.11.505.jar:/root/.m2/repository/com/amazonaws/aws-java-sdk-servermigration/1.11.505/aws-java-sdk-servermigration-1.11.505.jar:/root/.m2/repository/com/amazonaws/aws-java-sdk-simpleworkflow/1.11.505/aws-java-sdk-simpleworkflow-1.11.505.jar:/root/.m2/repository/com/amazonaws/aws-java-sdk-storagegateway/1.11.505/aws-java-sdk-storagegateway-1.11.505.jar:/root/.m2/repository/com/amazonaws/aws-java-sdk-route53/1.11.505/aws-java-sdk-route53-1.11.505.jar:/root/.m2/repository/com/amazonaws/aws-java-sdk-s3/1.11.505/aws-java-sdk-s3-1.11.505.jar:/root/.m2/repository/com/amazonaws/aws-java-sdk-importexport/1.11.505/aws-java-sdk-importexport-1.11.505.jar:/root/.m2/repository/com/amazonaws/aws-java-sdk-sts/1.11.505/aws-java-sdk-sts-1.11.505.jar:/root/.m2/repository/com/amazonaws/aws-java-sdk-sqs/1.11.505/aws-java-sdk-sqs-1.11.505.jar:/root/.m2/repository/com/amazonaws/aws-java-sdk-rds/1.11.505/aws-java-sdk-rds-1.11.505.jar:/root/.m2/repository/com/amazonaws/aws-java-sdk-redshift/1.11.505/aws-java-sdk-redshift-1.11.505.jar:/root/.m2/repository/com/amazonaws/aws-java-sdk-elasticbeanstalk/1.11.505/aws-java-sdk-elasticbeanstalk-1.11.505.jar:/root/.m2/repository/com/amazonaws/aws-java-sdk-glacier/1.11.505/aws-java-sdk-glacier-1.11.505.jar:/root/.m2/repository/com/amazonaws/aws-java-sdk-iam/1.11.505/aws-java-sdk-iam-1.11.505.jar:/root/.m2/repository/com/amazonaws/aws-java-sdk-datapipeline/1.11.505/aws-java-sdk-datapipeline-1.11.505.jar:/root/.m2/repository/com/amazonaws/aws-java-sdk-elasticloadbalancing/1.11.505/aws-java-sdk-elasticloadbalancing-1.11.505.jar:/root/.m2/repository/com/amazonaws/aws-java-sdk-elasticloadbalancingv2/1.11.505/aws-java-sdk-elasticloadbalancingv2-1.11.505.jar:/root/.m2/repository/com/amazonaws/aws-java-sdk-emr/1.11.505/aws-java-sdk-emr-1.11.505.jar:/root/.m2/repository/com/amazonaws/aws-java-sdk-elasticache/1.11.505/aws-java-sdk-elasticache-1.11.505.jar:/root/.m2/repository/com/amazonaws/aws-java-sdk-elastictranscoder/1.11.505/aws-java-sdk-elastictranscoder-1.11.505.jar:/root/.m2/repository/com/amazonaws/aws-java-sdk-ec2/1.11.505/aws-java-sdk-ec2-1.11.505.jar:/root/.m2/repository/com/amazonaws/aws-java-sdk-dynamodb/1.11.505/aws-java-sdk-dynamodb-1.11.505.jar:/root/.m2/repository/com/amazonaws/aws-java-sdk-sns/1.11.505/aws-java-sdk-sns-1.11.505.jar:/root/.m2/repository/com/amazonaws/aws-java-sdk-budgets/1.11.505/aws-java-sdk-budgets-1.11.505.jar:/root/.m2/repository/com/amazonaws/aws-java-sdk-cloudtrail/1.11.505/aws-java-sdk-cloudtrail-1.11.505.jar:/root/.m2/repository/com/amazonaws/aws-java-sdk-cloudwatch/1.11.505/aws-java-sdk-cloudwatch-1.11.505.jar:/root/.m2/repository/com/amazonaws/aws-java-sdk-logs/1.11.505/aws-java-sdk-logs-1.11.505.jar:/root/.m2/repository/com/amazonaws/aws-java-sdk-events/1.11.505/aws-java-sdk-events-1.11.505.jar:/root/.m2/repository/com/amazonaws/aws-java-sdk-cognitoidentity/1.11.505/aws-java-sdk-cognitoidentity-1.11.505.jar:/root/.m2/repository/com/amazonaws/aws-java-sdk-cognitosync/1.11.505/aws-java-sdk-cognitosync-1.11.505.jar:/root/.m2/repository/com/amazonaws/aws-java-sdk-directconnect/1.11.505/aws-java-sdk-directconnect-1.11.505.jar:/root/.m2/repository/com/amazonaws/aws-java-sdk-cloudformation/1.11.505/aws-java-sdk-cloudformation-1.11.505.jar:/root/.m2/repository/com/amazonaws/aws-java-sdk-cloudfront/1.11.505/aws-java-sdk-cloudfront-1.11.505.jar:/root/.m2/repository/com/amazonaws/aws-java-sdk-clouddirectory/1.11.505/aws-java-sdk-clouddirectory-1.11.505.jar:/root/.m2/repository/com/amazonaws/aws-java-sdk-kinesis/1.11.505/aws-java-sdk-kinesis-1.11.505.jar:/root/.m2/repository/com/amazonaws/aws-java-sdk-opsworks/1.11.505/aws-java-sdk-opsworks-1.11.505.jar:/root/.m2/repository/com/amazonaws/aws-java-sdk-ses/1.11.505/aws-java-sdk-ses-1.11.505.jar:/root/.m2/repository/com/amazonaws/aws-java-sdk-autoscaling/1.11.505/aws-java-sdk-autoscaling-1.11.505.jar:/root/.m2/repository/com/amazonaws/aws-java-sdk-cloudsearch/1.11.505/aws-java-sdk-cloudsearch-1.11.505.jar:/root/.m2/repository/com/amazonaws/aws-java-sdk-cloudwatchmetrics/1.11.505/aws-java-sdk-cloudwatchmetrics-1.11.505.jar:/root/.m2/repository/com/amazonaws/aws-java-sdk-codedeploy/1.11.505/aws-java-sdk-codedeploy-1.11.505.jar:/root/.m2/repository/com/amazonaws/aws-java-sdk-codepipeline/1.11.505/aws-java-sdk-codepipeline-1.11.505.jar:/root/.m2/repository/com/amazonaws/aws-java-sdk-kms/1.11.505/aws-java-sdk-kms-1.11.505.jar:/root/.m2/repository/com/amazonaws/aws-java-sdk-config/1.11.505/aws-java-sdk-config-1.11.505.jar:/root/.m2/repository/com/amazonaws/aws-java-sdk-lambda/1.11.505/aws-java-sdk-lambda-1.11.505.jar:/root/.m2/repository/com/amazonaws/aws-java-sdk-ecs/1.11.505/aws-java-sdk-ecs-1.11.505.jar:/root/.m2/repository/com/amazonaws/aws-java-sdk-ecr/1.11.505/aws-java-sdk-ecr-1.11.505.jar:/root/.m2/repository/com/amazonaws/aws-java-sdk-cloudhsm/1.11.505/aws-java-sdk-cloudhsm-1.11.505.jar:/root/.m2/repository/com/amazonaws/aws-java-sdk-ssm/1.11.505/aws-java-sdk-ssm-1.11.505.jar:/root/.m2/repository/com/amazonaws/aws-java-sdk-workspaces/1.11.505/aws-java-sdk-workspaces-1.11.505.jar:/root/.m2/repository/com/amazonaws/aws-java-sdk-machinelearning/1.11.505/aws-java-sdk-machinelearning-1.11.505.jar:/root/.m2/repository/com/amazonaws/aws-java-sdk-directory/1.11.505/aws-java-sdk-directory-1.11.505.jar:/root/.m2/repository/com/amazonaws/aws-java-sdk-efs/1.11.505/aws-java-sdk-efs-1.11.505.jar:/root/.m2/repository/com/amazonaws/aws-java-sdk-codecommit/1.11.505/aws-java-sdk-codecommit-1.11.505.jar:/root/.m2/repository/com/amazonaws/aws-java-sdk-devicefarm/1.11.505/aws-java-sdk-devicefarm-1.11.505.jar:/root/.m2/repository/com/amazonaws/aws-java-sdk-elasticsearch/1.11.505/aws-java-sdk-elasticsearch-1.11.505.jar:/root/.m2/repository/com/amazonaws/aws-java-sdk-waf/1.11.505/aws-java-sdk-waf-1.11.505.jar:/root/.m2/repository/com/amazonaws/aws-java-sdk-marketplacecommerceanalytics/1.11.505/aws-java-sdk-marketplacecommerceanalytics-1.11.505.jar:/root/.m2/repository/com/amazonaws/aws-java-sdk-inspector/1.11.505/aws-java-sdk-inspector-1.11.505.jar:/root/.m2/repository/com/amazonaws/aws-java-sdk-iot/1.11.505/aws-java-sdk-iot-1.11.505.jar:/root/.m2/repository/com/amazonaws/aws-java-sdk-api-gateway/1.11.505/aws-java-sdk-api-gateway-1.11.505.jar:/root/.m2/repository/com/amazonaws/aws-java-sdk-acm/1.11.505/aws-java-sdk-acm-1.11.505.jar:/root/.m2/repository/com/amazonaws/aws-java-sdk-gamelift/1.11.505/aws-java-sdk-gamelift-1.11.505.jar:/root/.m2/repository/com/amazonaws/aws-java-sdk-dms/1.11.505/aws-java-sdk-dms-1.11.505.jar:/root/.m2/repository/com/amazonaws/aws-java-sdk-marketplacemeteringservice/1.11.505/aws-java-sdk-marketplacemeteringservice-1.11.505.jar:/root/.m2/repository/com/amazonaws/aws-java-sdk-cognitoidp/1.11.505/aws-java-sdk-cognitoidp-1.11.505.jar:/root/.m2/repository/com/amazonaws/aws-java-sdk-discovery/1.11.505/aws-java-sdk-discovery-1.11.505.jar:/root/.m2/repository/com/amazonaws/aws-java-sdk-applicationautoscaling/1.11.505/aws-java-sdk-applicationautoscaling-1.11.505.jar:/root/.m2/repository/com/amazonaws/aws-java-sdk-snowball/1.11.505/aws-java-sdk-snowball-1.11.505.jar:/root/.m2/repository/com/amazonaws/aws-java-sdk-rekognition/1.11.505/aws-java-sdk-rekognition-1.11.505.jar:/root/.m2/repository/com/amazonaws/aws-java-sdk-polly/1.11.505/aws-java-sdk-polly-1.11.505.jar:/root/.m2/repository/com/amazonaws/aws-java-sdk-lightsail/1.11.505/aws-java-sdk-lightsail-1.11.505.jar:/root/.m2/repository/com/amazonaws/aws-java-sdk-stepfunctions/1.11.505/aws-java-sdk-stepfunctions-1.11.505.jar:/root/.m2/repository/com/amazonaws/aws-java-sdk-health/1.11.505/aws-java-sdk-health-1.11.505.jar:/root/.m2/repository/com/amazonaws/aws-java-sdk-costandusagereport/1.11.505/aws-java-sdk-costandusagereport-1.11.505.jar:/root/.m2/repository/com/amazonaws/aws-java-sdk-codebuild/1.11.505/aws-java-sdk-codebuild-1.11.505.jar:/root/.m2/repository/com/amazonaws/aws-java-sdk-appstream/1.11.505/aws-java-sdk-appstream-1.11.505.jar:/root/.m2/repository/com/amazonaws/aws-java-sdk-shield/1.11.505/aws-java-sdk-shield-1.11.505.jar:/root/.m2/repository/com/amazonaws/aws-java-sdk-batch/1.11.505/aws-java-sdk-batch-1.11.505.jar:/root/.m2/repository/com/amazonaws/aws-java-sdk-lex/1.11.505/aws-java-sdk-lex-1.11.505.jar:/root/.m2/repository/com/amazonaws/aws-java-sdk-mechanicalturkrequester/1.11.505/aws-java-sdk-mechanicalturkrequester-1.11.505.jar:/root/.m2/repository/com/amazonaws/aws-java-sdk-organizations/1.11.505/aws-java-sdk-organizations-1.11.505.jar:/root/.m2/repository/com/amazonaws/aws-java-sdk-workdocs/1.11.505/aws-java-sdk-workdocs-1.11.505.jar:/root/.m2/repository/com/amazonaws/aws-java-sdk-core/1.11.505/aws-java-sdk-core-1.11.505.jar:/root/.m2/repository/commons-logging/commons-logging/1.1.3/commons-logging-1.1.3.jar:/root/.m2/repository/org/apache/httpcomponents/httpclient/4.5.5/httpclient-4.5.5.jar:/root/.m2/repository/org/apache/httpcomponents/httpcore/4.4.9/httpcore-4.4.9.jar:/root/.m2/repository/commons-codec/commons-codec/1.10/commons-codec-1.10.jar:/root/.m2/repository/software/amazon/ion/ion-java/1.0.2/ion-java-1.0.2.jar:/root/.m2/repository/com/fasterxml/jackson/dataformat/jackson-dataformat-cbor/2.6.7/jackson-dataformat-cbor-2.6.7.jar:/root/.m2/repository/com/amazonaws/aws-java-sdk-models/1.11.505/aws-java-sdk-models-1.11.505.jar:/root/.m2/repository/com/amazonaws/aws-java-sdk-swf-libraries/1.11.22/aws-java-sdk-swf-libraries-1.11.22.jar:"/>
    <property name="java.vm.vendor" value="Oracle Corporation"/>
    <property name="sun.arch.data.model" value="64"/>
    <property name="java.vendor.url" value="http://java.oracle.com/"/>
    <property name="user.timezone" value=""/>
    <property name="java.vm.specification.version" value="1.8"/>
    <property name="os.name" value="Linux"/>
    <property name="user.country" value="US"/>
    <property name="sun.java.launcher" value="SUN_STANDARD"/>
    <property name="sun.boot.library.path" value="/usr/java/jdk1.8.0_144/jre/lib/amd64"/>
    <property name="sun.java.command" value="/opt/belajar-maven/target/surefire/surefirebooter8161641974356633097.jar /opt/belajar-maven/target/surefire 2019-02-24T15-44-36_984-jvmRun1 surefire3793865089895453256tmp surefire_0169827104800061913tmp"/>
    <property name="surefire.test.class.path" value="/opt/belajar-maven/target/test-classes:/opt/belajar-maven/target/classes:/root/.m2/repository/junit/junit/4.11/junit-4.11.jar:/root/.m2/repository/org/hamcrest/hamcrest-core/1.3/hamcrest-core-1.3.jar:/root/.m2/repository/joda-time/joda-time/2.4/joda-time-2.4.jar:/root/.m2/repository/org/hibernate/hibernate-core/5.4.1.Final/hibernate-core-5.4.1.Final.jar:/root/.m2/repository/org/jboss/logging/jboss-logging/3.3.2.Final/jboss-logging-3.3.2.Final.jar:/root/.m2/repository/javax/persistence/javax.persistence-api/2.2/javax.persistence-api-2.2.jar:/root/.m2/repository/org/javassist/javassist/3.24.0-GA/javassist-3.24.0-GA.jar:/root/.m2/repository/net/bytebuddy/byte-buddy/1.9.5/byte-buddy-1.9.5.jar:/root/.m2/repository/antlr/antlr/2.7.7/antlr-2.7.7.jar:/root/.m2/repository/org/jboss/spec/javax/transaction/jboss-transaction-api_1.2_spec/1.1.1.Final/jboss-transaction-api_1.2_spec-1.1.1.Final.jar:/root/.m2/repository/org/jboss/jandex/2.0.5.Final/jandex-2.0.5.Final.jar:/root/.m2/repository/com/fasterxml/classmate/1.3.4/classmate-1.3.4.jar:/root/.m2/repository/javax/activation/javax.activation-api/1.2.0/javax.activation-api-1.2.0.jar:/root/.m2/repository/org/dom4j/dom4j/2.1.1/dom4j-2.1.1.jar:/root/.m2/repository/org/hibernate/common/hibernate-commons-annotations/5.1.0.Final/hibernate-commons-annotations-5.1.0.Final.jar:/root/.m2/repository/javax/xml/bind/jaxb-api/2.3.1/jaxb-api-2.3.1.jar:/root/.m2/repository/org/glassfish/jaxb/jaxb-runtime/2.3.1/jaxb-runtime-2.3.1.jar:/root/.m2/repository/org/glassfish/jaxb/txw2/2.3.1/txw2-2.3.1.jar:/root/.m2/repository/com/sun/istack/istack-commons-runtime/3.0.7/istack-commons-runtime-3.0.7.jar:/root/.m2/repository/org/jvnet/staxex/stax-ex/1.8/stax-ex-1.8.jar:/root/.m2/repository/com/sun/xml/fastinfoset/FastInfoset/1.2.15/FastInfoset-1.2.15.jar:/root/.m2/repository/org/springframework/spring-context/5.1.5.RELEASE/spring-context-5.1.5.RELEASE.jar:/root/.m2/repository/org/springframework/spring-aop/5.1.5.RELEASE/spring-aop-5.1.5.RELEASE.jar:/root/.m2/repository/org/springframework/spring-beans/5.1.5.RELEASE/spring-beans-5.1.5.RELEASE.jar:/root/.m2/repository/org/springframework/spring-core/5.1.5.RELEASE/spring-core-5.1.5.RELEASE.jar:/root/.m2/repository/org/springframework/spring-jcl/5.1.5.RELEASE/spring-jcl-5.1.5.RELEASE.jar:/root/.m2/repository/org/springframework/spring-expression/5.1.5.RELEASE/spring-expression-5.1.5.RELEASE.jar:/root/.m2/repository/com/fasterxml/jackson/core/jackson-databind/2.9.8/jackson-databind-2.9.8.jar:/root/.m2/repository/com/fasterxml/jackson/core/jackson-annotations/2.9.0/jackson-annotations-2.9.0.jar:/root/.m2/repository/com/fasterxml/jackson/core/jackson-core/2.9.8/jackson-core-2.9.8.jar:/root/.m2/repository/org/onosproject/onos-yang-maven-plugin/1.11/onos-yang-maven-plugin-1.11.jar:/root/.m2/repository/org/apache/maven/maven-core/3.3.9/maven-core-3.3.9.jar:/root/.m2/repository/org/apache/maven/maven-settings/3.3.9/maven-settings-3.3.9.jar:/root/.m2/repository/org/apache/maven/maven-settings-builder/3.3.9/maven-settings-builder-3.3.9.jar:/root/.m2/repository/org/apache/maven/maven-builder-support/3.3.9/maven-builder-support-3.3.9.jar:/root/.m2/repository/org/apache/maven/maven-repository-metadata/3.3.9/maven-repository-metadata-3.3.9.jar:/root/.m2/repository/org/apache/maven/maven-model-builder/3.3.9/maven-model-builder-3.3.9.jar:/root/.m2/repository/org/apache/maven/maven-aether-provider/3.3.9/maven-aether-provider-3.3.9.jar:/root/.m2/repository/org/eclipse/aether/aether-spi/1.0.2.v20150114/aether-spi-1.0.2.v20150114.jar:/root/.m2/repository/org/eclipse/aether/aether-impl/1.0.2.v20150114/aether-impl-1.0.2.v20150114.jar:/root/.m2/repository/org/eclipse/aether/aether-api/1.0.2.v20150114/aether-api-1.0.2.v20150114.jar:/root/.m2/repository/org/eclipse/aether/aether-util/1.0.2.v20150114/aether-util-1.0.2.v20150114.jar:/root/.m2/repository/org/eclipse/sisu/org.eclipse.sisu.plexus/0.3.2/org.eclipse.sisu.plexus-0.3.2.jar:/root/.m2/repository/javax/enterprise/cdi-api/1.0/cdi-api-1.0.jar:/root/.m2/repository/javax/annotation/jsr250-api/1.0/jsr250-api-1.0.jar:/root/.m2/repository/org/eclipse/sisu/org.eclipse.sisu.inject/0.3.2/org.eclipse.sisu.inject-0.3.2.jar:/root/.m2/repository/com/google/inject/guice/4.0/guice-4.0-no_aop.jar:/root/.m2/repository/javax/inject/javax.inject/1/javax.inject-1.jar:/root/.m2/repository/aopalliance/aopalliance/1.0/aopalliance-1.0.jar:/root/.m2/repository/org/codehaus/plexus/plexus-interpolation/1.21/plexus-interpolation-1.21.jar:/root/.m2/repository/org/codehaus/plexus/plexus-utils/3.0.22/plexus-utils-3.0.22.jar:/root/.m2/repository/org/codehaus/plexus/plexus-classworlds/2.5.2/plexus-classworlds-2.5.2.jar:/root/.m2/repository/org/codehaus/plexus/plexus-component-annotations/1.6/plexus-component-annotations-1.6.jar:/root/.m2/repository/org/sonatype/plexus/plexus-sec-dispatcher/1.3/plexus-sec-dispatcher-1.3.jar:/root/.m2/repository/org/sonatype/plexus/plexus-cipher/1.4/plexus-cipher-1.4.jar:/root/.m2/repository/org/apache/commons/commons-lang3/3.4/commons-lang3-3.4.jar:/root/.m2/repository/org/apache/maven/maven-plugin-api/3.3.9/maven-plugin-api-3.3.9.jar:/root/.m2/repository/org/apache/felix/maven-scr-plugin/1.21.0/maven-scr-plugin-1.21.0.jar:/root/.m2/repository/org/apache/maven/maven-archiver/2.2/maven-archiver-2.2.jar:/root/.m2/repository/org/codehaus/plexus/plexus-archiver/1.0-alpha-7/plexus-archiver-1.0-alpha-7.jar:/root/.m2/repository/org/apache/felix/org.apache.felix.scr.generator/1.13.0/org.apache.felix.scr.generator-1.13.0.jar:/root/.m2/repository/org/ow2/asm/asm-all/5.0.2/asm-all-5.0.2.jar:/root/.m2/repository/org/osgi/org.osgi.core/4.2.0/org.osgi.core-4.2.0.jar:/root/.m2/repository/org/osgi/org.osgi.compendium/4.2.0/org.osgi.compendium-4.2.0.jar:/root/.m2/repository/org/sonatype/plexus/plexus-build-api/0.0.7/plexus-build-api-0.0.7.jar:/root/.m2/repository/org/apache/maven/maven-artifact/3.3.9/maven-artifact-3.3.9.jar:/root/.m2/repository/org/apache/maven/maven-project/3.0-alpha-2/maven-project-3.0-alpha-2.jar:/root/.m2/repository/org/apache/maven/maven-compat/3.0-alpha-2/maven-compat-3.0-alpha-2.jar:/root/.m2/repository/org/apache/maven/wagon/wagon-provider-api/1.0-beta-4/wagon-provider-api-1.0-beta-4.jar:/root/.m2/repository/org/codehaus/plexus/plexus-container-default/1.0-beta-3.0.5/plexus-container-default-1.0-beta-3.0.5.jar:/root/.m2/repository/org/apache/xbean/xbean-reflect/3.4/xbean-reflect-3.4.jar:/root/.m2/repository/log4j/log4j/1.2.12/log4j-1.2.12.jar:/root/.m2/repository/commons-logging/commons-logging-api/1.1/commons-logging-api-1.1.jar:/root/.m2/repository/com/google/code/google-collections/google-collect/snapshot-20080530/google-collect-snapshot-20080530.jar:/root/.m2/repository/org/codehaus/woodstox/wstx-asl/3.2.6/wstx-asl-3.2.6.jar:/root/.m2/repository/stax/stax-api/1.0.1/stax-api-1.0.1.jar:/root/.m2/repository/org/sonatype/spice/model-builder/1.3/model-builder-1.3.jar:/root/.m2/repository/org/apache/maven/maven-project-builder/3.0-alpha-2/maven-project-builder-3.0-alpha-2.jar:/root/.m2/repository/org/apache/maven/maven-model/3.3.9/maven-model-3.3.9.jar:/root/.m2/repository/org/codehaus/mojo/build-helper-maven-plugin/1.10/build-helper-maven-plugin-1.10.jar:/root/.m2/repository/org/beanshell/bsh/2.0b4/bsh-2.0b4.jar:/root/.m2/repository/org/onosproject/onos-yang-tool/1.11/onos-yang-tool-1.11.jar:/root/.m2/repository/org/onosproject/onos-yang-utils-parser/1.11/onos-yang-utils-parser-1.11.jar:/root/.m2/repository/org/antlr/antlr4-runtime/4.5.3/antlr4-runtime-4.5.3.jar:/root/.m2/repository/org/onosproject/onos-yang-datamodel/1.11/onos-yang-datamodel-1.11.jar:/root/.m2/repository/org/onosproject/onos-yang-utils-generator/1.11/onos-yang-utils-generator-1.11.jar:/root/.m2/repository/commons-io/commons-io/2.4/commons-io-2.4.jar:/root/.m2/repository/org/slf4j/slf4j-api/1.7.21/slf4j-api-1.7.21.jar:/root/.m2/repository/com/google/guava/guava/19.0/guava-19.0.jar:/root/.m2/repository/javax/servlet/servlet-api/3.0-alpha-1/servlet-api-3.0-alpha-1.jar:/root/.m2/repository/com/amazonaws/aws-java-sdk/1.11.505/aws-java-sdk-1.11.505.jar:/root/.m2/repository/com/amazonaws/aws-java-sdk-worklink/1.11.505/aws-java-sdk-worklink-1.11.505.jar:/root/.m2/repository/com/amazonaws/jmespath-java/1.11.505/jmespath-java-1.11.505.jar:/root/.m2/repository/com/amazonaws/aws-java-sdk-backup/1.11.505/aws-java-sdk-backup-1.11.505.jar:/root/.m2/repository/com/amazonaws/aws-java-sdk-docdb/1.11.505/aws-java-sdk-docdb-1.11.505.jar:/root/.m2/repository/com/amazonaws/aws-java-sdk-apigatewayv2/1.11.505/aws-java-sdk-apigatewayv2-1.11.505.jar:/root/.m2/repository/com/amazonaws/aws-java-sdk-apigatewaymanagementapi/1.11.505/aws-java-sdk-apigatewaymanagementapi-1.11.505.jar:/root/.m2/repository/com/amazonaws/aws-java-sdk-kafka/1.11.505/aws-java-sdk-kafka-1.11.505.jar:/root/.m2/repository/com/amazonaws/aws-java-sdk-appmesh/1.11.505/aws-java-sdk-appmesh-1.11.505.jar:/root/.m2/repository/com/amazonaws/aws-java-sdk-licensemanager/1.11.505/aws-java-sdk-licensemanager-1.11.505.jar:/root/.m2/repository/com/amazonaws/aws-java-sdk-securityhub/1.11.505/aws-java-sdk-securityhub-1.11.505.jar:/root/.m2/repository/com/amazonaws/aws-java-sdk-fsx/1.11.505/aws-java-sdk-fsx-1.11.505.jar:/root/.m2/repository/com/amazonaws/aws-java-sdk-mediaconnect/1.11.505/aws-java-sdk-mediaconnect-1.11.505.jar:/root/.m2/repository/com/amazonaws/aws-java-sdk-kinesisanalyticsv2/1.11.505/aws-java-sdk-kinesisanalyticsv2-1.11.505.jar:/root/.m2/repository/com/amazonaws/aws-java-sdk-comprehendmedical/1.11.505/aws-java-sdk-comprehendmedical-1.11.505.jar:/root/.m2/repository/com/amazonaws/aws-java-sdk-globalaccelerator/1.11.505/aws-java-sdk-globalaccelerator-1.11.505.jar:/root/.m2/repository/com/amazonaws/aws-java-sdk-transfer/1.11.505/aws-java-sdk-transfer-1.11.505.jar:/root/.m2/repository/com/amazonaws/aws-java-sdk-datasync/1.11.505/aws-java-sdk-datasync-1.11.505.jar:/root/.m2/repository/com/amazonaws/aws-java-sdk-robomaker/1.11.505/aws-java-sdk-robomaker-1.11.505.jar:/root/.m2/repository/com/amazonaws/aws-java-sdk-amplify/1.11.505/aws-java-sdk-amplify-1.11.505.jar:/root/.m2/repository/com/amazonaws/aws-java-sdk-quicksight/1.11.505/aws-java-sdk-quicksight-1.11.505.jar:/root/.m2/repository/com/amazonaws/aws-java-sdk-rdsdata/1.11.505/aws-java-sdk-rdsdata-1.11.505.jar:/root/.m2/repository/com/amazonaws/aws-java-sdk-route53resolver/1.11.505/aws-java-sdk-route53resolver-1.11.505.jar:/root/.m2/repository/com/amazonaws/aws-java-sdk-ram/1.11.505/aws-java-sdk-ram-1.11.505.jar:/root/.m2/repository/com/amazonaws/aws-java-sdk-s3control/1.11.505/aws-java-sdk-s3control-1.11.505.jar:/root/.m2/repository/com/amazonaws/aws-java-sdk-pinpointsmsvoice/1.11.505/aws-java-sdk-pinpointsmsvoice-1.11.505.jar:/root/.m2/repository/com/amazonaws/aws-java-sdk-pinpointemail/1.11.505/aws-java-sdk-pinpointemail-1.11.505.jar:/root/.m2/repository/com/amazonaws/aws-java-sdk-chime/1.11.505/aws-java-sdk-chime-1.11.505.jar:/root/.m2/repository/com/amazonaws/aws-java-sdk-signer/1.11.505/aws-java-sdk-signer-1.11.505.jar:/root/.m2/repository/com/amazonaws/aws-java-sdk-dlm/1.11.505/aws-java-sdk-dlm-1.11.505.jar:/root/.m2/repository/com/amazonaws/aws-java-sdk-macie/1.11.505/aws-java-sdk-macie-1.11.505.jar:/root/.m2/repository/com/amazonaws/aws-java-sdk-eks/1.11.505/aws-java-sdk-eks-1.11.505.jar:/root/.m2/repository/com/amazonaws/aws-java-sdk-mediatailor/1.11.505/aws-java-sdk-mediatailor-1.11.505.jar:/root/.m2/repository/com/amazonaws/aws-java-sdk-neptune/1.11.505/aws-java-sdk-neptune-1.11.505.jar:/root/.m2/repository/com/amazonaws/aws-java-sdk-pi/1.11.505/aws-java-sdk-pi-1.11.505.jar:/root/.m2/repository/com/amazonaws/aws-java-sdk-iot1clickprojects/1.11.505/aws-java-sdk-iot1clickprojects-1.11.505.jar:/root/.m2/repository/com/amazonaws/aws-java-sdk-iot1clickdevices/1.11.505/aws-java-sdk-iot1clickdevices-1.11.505.jar:/root/.m2/repository/com/amazonaws/aws-java-sdk-iotanalytics/1.11.505/aws-java-sdk-iotanalytics-1.11.505.jar:/root/.m2/repository/com/amazonaws/aws-java-sdk-acmpca/1.11.505/aws-java-sdk-acmpca-1.11.505.jar:/root/.m2/repository/com/amazonaws/aws-java-sdk-secretsmanager/1.11.505/aws-java-sdk-secretsmanager-1.11.505.jar:/root/.m2/repository/com/amazonaws/aws-java-sdk-fms/1.11.505/aws-java-sdk-fms-1.11.505.jar:/root/.m2/repository/com/amazonaws/aws-java-sdk-connect/1.11.505/aws-java-sdk-connect-1.11.505.jar:/root/.m2/repository/com/amazonaws/aws-java-sdk-transcribe/1.11.505/aws-java-sdk-transcribe-1.11.505.jar:/root/.m2/repository/com/amazonaws/aws-java-sdk-autoscalingplans/1.11.505/aws-java-sdk-autoscalingplans-1.11.505.jar:/root/.m2/repository/com/amazonaws/aws-java-sdk-workmail/1.11.505/aws-java-sdk-workmail-1.11.505.jar:/root/.m2/repository/com/amazonaws/aws-java-sdk-servicediscovery/1.11.505/aws-java-sdk-servicediscovery-1.11.505.jar:/root/.m2/repository/com/amazonaws/aws-java-sdk-cloud9/1.11.505/aws-java-sdk-cloud9-1.11.505.jar:/root/.m2/repository/com/amazonaws/aws-java-sdk-serverlessapplicationrepository/1.11.505/aws-java-sdk-serverlessapplicationrepository-1.11.505.jar:/root/.m2/repository/com/amazonaws/aws-java-sdk-alexaforbusiness/1.11.505/aws-java-sdk-alexaforbusiness-1.11.505.jar:/root/.m2/repository/com/amazonaws/aws-java-sdk-resourcegroups/1.11.505/aws-java-sdk-resourcegroups-1.11.505.jar:/root/.m2/repository/com/amazonaws/aws-java-sdk-comprehend/1.11.505/aws-java-sdk-comprehend-1.11.505.jar:/root/.m2/repository/com/amazonaws/aws-java-sdk-translate/1.11.505/aws-java-sdk-translate-1.11.505.jar:/root/.m2/repository/com/amazonaws/aws-java-sdk-sagemaker/1.11.505/aws-java-sdk-sagemaker-1.11.505.jar:/root/.m2/repository/com/amazonaws/aws-java-sdk-iotjobsdataplane/1.11.505/aws-java-sdk-iotjobsdataplane-1.11.505.jar:/root/.m2/repository/com/amazonaws/aws-java-sdk-sagemakerruntime/1.11.505/aws-java-sdk-sagemakerruntime-1.11.505.jar:/root/.m2/repository/com/amazonaws/aws-java-sdk-kinesisvideo/1.11.505/aws-java-sdk-kinesisvideo-1.11.505.jar:/root/.m2/repository/io/netty/netty-codec-http/4.1.17.Final/netty-codec-http-4.1.17.Final.jar:/root/.m2/repository/io/netty/netty-codec/4.1.17.Final/netty-codec-4.1.17.Final.jar:/root/.m2/repository/io/netty/netty-handler/4.1.17.Final/netty-handler-4.1.17.Final.jar:/root/.m2/repository/io/netty/netty-buffer/4.1.17.Final/netty-buffer-4.1.17.Final.jar:/root/.m2/repository/io/netty/netty-common/4.1.17.Final/netty-common-4.1.17.Final.jar:/root/.m2/repository/io/netty/netty-transport/4.1.17.Final/netty-transport-4.1.17.Final.jar:/root/.m2/repository/io/netty/netty-resolver/4.1.17.Final/netty-resolver-4.1.17.Final.jar:/root/.m2/repository/com/amazonaws/aws-java-sdk-appsync/1.11.505/aws-java-sdk-appsync-1.11.505.jar:/root/.m2/repository/com/amazonaws/aws-java-sdk-guardduty/1.11.505/aws-java-sdk-guardduty-1.11.505.jar:/root/.m2/repository/com/amazonaws/aws-java-sdk-mq/1.11.505/aws-java-sdk-mq-1.11.505.jar:/root/.m2/repository/com/amazonaws/aws-java-sdk-mediaconvert/1.11.505/aws-java-sdk-mediaconvert-1.11.505.jar:/root/.m2/repository/com/amazonaws/aws-java-sdk-mediastore/1.11.505/aws-java-sdk-mediastore-1.11.505.jar:/root/.m2/repository/com/amazonaws/aws-java-sdk-mediastoredata/1.11.505/aws-java-sdk-mediastoredata-1.11.505.jar:/root/.m2/repository/com/amazonaws/aws-java-sdk-medialive/1.11.505/aws-java-sdk-medialive-1.11.505.jar:/root/.m2/repository/com/amazonaws/aws-java-sdk-mediapackage/1.11.505/aws-java-sdk-mediapackage-1.11.505.jar:/root/.m2/repository/com/amazonaws/aws-java-sdk-costexplorer/1.11.505/aws-java-sdk-costexplorer-1.11.505.jar:/root/.m2/repository/com/amazonaws/aws-java-sdk-pricing/1.11.505/aws-java-sdk-pricing-1.11.505.jar:/root/.m2/repository/com/amazonaws/aws-java-sdk-mobile/1.11.505/aws-java-sdk-mobile-1.11.505.jar:/root/.m2/repository/com/amazonaws/aws-java-sdk-cloudhsmv2/1.11.505/aws-java-sdk-cloudhsmv2-1.11.505.jar:/root/.m2/repository/com/amazonaws/aws-java-sdk-glue/1.11.505/aws-java-sdk-glue-1.11.505.jar:/root/.m2/repository/com/amazonaws/aws-java-sdk-migrationhub/1.11.505/aws-java-sdk-migrationhub-1.11.505.jar:/root/.m2/repository/com/amazonaws/aws-java-sdk-dax/1.11.505/aws-java-sdk-dax-1.11.505.jar:/root/.m2/repository/com/amazonaws/aws-java-sdk-greengrass/1.11.505/aws-java-sdk-greengrass-1.11.505.jar:/root/.m2/repository/com/amazonaws/aws-java-sdk-athena/1.11.505/aws-java-sdk-athena-1.11.505.jar:/root/.m2/repository/com/amazonaws/aws-java-sdk-marketplaceentitlement/1.11.505/aws-java-sdk-marketplaceentitlement-1.11.505.jar:/root/.m2/repository/com/amazonaws/aws-java-sdk-codestar/1.11.505/aws-java-sdk-codestar-1.11.505.jar:/root/.m2/repository/com/amazonaws/aws-java-sdk-lexmodelbuilding/1.11.505/aws-java-sdk-lexmodelbuilding-1.11.505.jar:/root/.m2/repository/com/amazonaws/aws-java-sdk-resourcegroupstaggingapi/1.11.505/aws-java-sdk-resourcegroupstaggingapi-1.11.505.jar:/root/.m2/repository/com/amazonaws/aws-java-sdk-pinpoint/1.11.505/aws-java-sdk-pinpoint-1.11.505.jar:/root/.m2/repository/com/amazonaws/aws-java-sdk-xray/1.11.505/aws-java-sdk-xray-1.11.505.jar:/root/.m2/repository/com/amazonaws/aws-java-sdk-opsworkscm/1.11.505/aws-java-sdk-opsworkscm-1.11.505.jar:/root/.m2/repository/com/amazonaws/aws-java-sdk-support/1.11.505/aws-java-sdk-support-1.11.505.jar:/root/.m2/repository/com/amazonaws/aws-java-sdk-simpledb/1.11.505/aws-java-sdk-simpledb-1.11.505.jar:/root/.m2/repository/com/amazonaws/aws-java-sdk-servicecatalog/1.11.505/aws-java-sdk-servicecatalog-1.11.505.jar:/root/.m2/repository/com/amazonaws/aws-java-sdk-servermigration/1.11.505/aws-java-sdk-servermigration-1.11.505.jar:/root/.m2/repository/com/amazonaws/aws-java-sdk-simpleworkflow/1.11.505/aws-java-sdk-simpleworkflow-1.11.505.jar:/root/.m2/repository/com/amazonaws/aws-java-sdk-storagegateway/1.11.505/aws-java-sdk-storagegateway-1.11.505.jar:/root/.m2/repository/com/amazonaws/aws-java-sdk-route53/1.11.505/aws-java-sdk-route53-1.11.505.jar:/root/.m2/repository/com/amazonaws/aws-java-sdk-s3/1.11.505/aws-java-sdk-s3-1.11.505.jar:/root/.m2/repository/com/amazonaws/aws-java-sdk-importexport/1.11.505/aws-java-sdk-importexport-1.11.505.jar:/root/.m2/repository/com/amazonaws/aws-java-sdk-sts/1.11.505/aws-java-sdk-sts-1.11.505.jar:/root/.m2/repository/com/amazonaws/aws-java-sdk-sqs/1.11.505/aws-java-sdk-sqs-1.11.505.jar:/root/.m2/repository/com/amazonaws/aws-java-sdk-rds/1.11.505/aws-java-sdk-rds-1.11.505.jar:/root/.m2/repository/com/amazonaws/aws-java-sdk-redshift/1.11.505/aws-java-sdk-redshift-1.11.505.jar:/root/.m2/repository/com/amazonaws/aws-java-sdk-elasticbeanstalk/1.11.505/aws-java-sdk-elasticbeanstalk-1.11.505.jar:/root/.m2/repository/com/amazonaws/aws-java-sdk-glacier/1.11.505/aws-java-sdk-glacier-1.11.505.jar:/root/.m2/repository/com/amazonaws/aws-java-sdk-iam/1.11.505/aws-java-sdk-iam-1.11.505.jar:/root/.m2/repository/com/amazonaws/aws-java-sdk-datapipeline/1.11.505/aws-java-sdk-datapipeline-1.11.505.jar:/root/.m2/repository/com/amazonaws/aws-java-sdk-elasticloadbalancing/1.11.505/aws-java-sdk-elasticloadbalancing-1.11.505.jar:/root/.m2/repository/com/amazonaws/aws-java-sdk-elasticloadbalancingv2/1.11.505/aws-java-sdk-elasticloadbalancingv2-1.11.505.jar:/root/.m2/repository/com/amazonaws/aws-java-sdk-emr/1.11.505/aws-java-sdk-emr-1.11.505.jar:/root/.m2/repository/com/amazonaws/aws-java-sdk-elasticache/1.11.505/aws-java-sdk-elasticache-1.11.505.jar:/root/.m2/repository/com/amazonaws/aws-java-sdk-elastictranscoder/1.11.505/aws-java-sdk-elastictranscoder-1.11.505.jar:/root/.m2/repository/com/amazonaws/aws-java-sdk-ec2/1.11.505/aws-java-sdk-ec2-1.11.505.jar:/root/.m2/repository/com/amazonaws/aws-java-sdk-dynamodb/1.11.505/aws-java-sdk-dynamodb-1.11.505.jar:/root/.m2/repository/com/amazonaws/aws-java-sdk-sns/1.11.505/aws-java-sdk-sns-1.11.505.jar:/root/.m2/repository/com/amazonaws/aws-java-sdk-budgets/1.11.505/aws-java-sdk-budgets-1.11.505.jar:/root/.m2/repository/com/amazonaws/aws-java-sdk-cloudtrail/1.11.505/aws-java-sdk-cloudtrail-1.11.505.jar:/root/.m2/repository/com/amazonaws/aws-java-sdk-cloudwatch/1.11.505/aws-java-sdk-cloudwatch-1.11.505.jar:/root/.m2/repository/com/amazonaws/aws-java-sdk-logs/1.11.505/aws-java-sdk-logs-1.11.505.jar:/root/.m2/repository/com/amazonaws/aws-java-sdk-events/1.11.505/aws-java-sdk-events-1.11.505.jar:/root/.m2/repository/com/amazonaws/aws-java-sdk-cognitoidentity/1.11.505/aws-java-sdk-cognitoidentity-1.11.505.jar:/root/.m2/repository/com/amazonaws/aws-java-sdk-cognitosync/1.11.505/aws-java-sdk-cognitosync-1.11.505.jar:/root/.m2/repository/com/amazonaws/aws-java-sdk-directconnect/1.11.505/aws-java-sdk-directconnect-1.11.505.jar:/root/.m2/repository/com/amazonaws/aws-java-sdk-cloudformation/1.11.505/aws-java-sdk-cloudformation-1.11.505.jar:/root/.m2/repository/com/amazonaws/aws-java-sdk-cloudfront/1.11.505/aws-java-sdk-cloudfront-1.11.505.jar:/root/.m2/repository/com/amazonaws/aws-java-sdk-clouddirectory/1.11.505/aws-java-sdk-clouddirectory-1.11.505.jar:/root/.m2/repository/com/amazonaws/aws-java-sdk-kinesis/1.11.505/aws-java-sdk-kinesis-1.11.505.jar:/root/.m2/repository/com/amazonaws/aws-java-sdk-opsworks/1.11.505/aws-java-sdk-opsworks-1.11.505.jar:/root/.m2/repository/com/amazonaws/aws-java-sdk-ses/1.11.505/aws-java-sdk-ses-1.11.505.jar:/root/.m2/repository/com/amazonaws/aws-java-sdk-autoscaling/1.11.505/aws-java-sdk-autoscaling-1.11.505.jar:/root/.m2/repository/com/amazonaws/aws-java-sdk-cloudsearch/1.11.505/aws-java-sdk-cloudsearch-1.11.505.jar:/root/.m2/repository/com/amazonaws/aws-java-sdk-cloudwatchmetrics/1.11.505/aws-java-sdk-cloudwatchmetrics-1.11.505.jar:/root/.m2/repository/com/amazonaws/aws-java-sdk-codedeploy/1.11.505/aws-java-sdk-codedeploy-1.11.505.jar:/root/.m2/repository/com/amazonaws/aws-java-sdk-codepipeline/1.11.505/aws-java-sdk-codepipeline-1.11.505.jar:/root/.m2/repository/com/amazonaws/aws-java-sdk-kms/1.11.505/aws-java-sdk-kms-1.11.505.jar:/root/.m2/repository/com/amazonaws/aws-java-sdk-config/1.11.505/aws-java-sdk-config-1.11.505.jar:/root/.m2/repository/com/amazonaws/aws-java-sdk-lambda/1.11.505/aws-java-sdk-lambda-1.11.505.jar:/root/.m2/repository/com/amazonaws/aws-java-sdk-ecs/1.11.505/aws-java-sdk-ecs-1.11.505.jar:/root/.m2/repository/com/amazonaws/aws-java-sdk-ecr/1.11.505/aws-java-sdk-ecr-1.11.505.jar:/root/.m2/repository/com/amazonaws/aws-java-sdk-cloudhsm/1.11.505/aws-java-sdk-cloudhsm-1.11.505.jar:/root/.m2/repository/com/amazonaws/aws-java-sdk-ssm/1.11.505/aws-java-sdk-ssm-1.11.505.jar:/root/.m2/repository/com/amazonaws/aws-java-sdk-workspaces/1.11.505/aws-java-sdk-workspaces-1.11.505.jar:/root/.m2/repository/com/amazonaws/aws-java-sdk-machinelearning/1.11.505/aws-java-sdk-machinelearning-1.11.505.jar:/root/.m2/repository/com/amazonaws/aws-java-sdk-directory/1.11.505/aws-java-sdk-directory-1.11.505.jar:/root/.m2/repository/com/amazonaws/aws-java-sdk-efs/1.11.505/aws-java-sdk-efs-1.11.505.jar:/root/.m2/repository/com/amazonaws/aws-java-sdk-codecommit/1.11.505/aws-java-sdk-codecommit-1.11.505.jar:/root/.m2/repository/com/amazonaws/aws-java-sdk-devicefarm/1.11.505/aws-java-sdk-devicefarm-1.11.505.jar:/root/.m2/repository/com/amazonaws/aws-java-sdk-elasticsearch/1.11.505/aws-java-sdk-elasticsearch-1.11.505.jar:/root/.m2/repository/com/amazonaws/aws-java-sdk-waf/1.11.505/aws-java-sdk-waf-1.11.505.jar:/root/.m2/repository/com/amazonaws/aws-java-sdk-marketplacecommerceanalytics/1.11.505/aws-java-sdk-marketplacecommerceanalytics-1.11.505.jar:/root/.m2/repository/com/amazonaws/aws-java-sdk-inspector/1.11.505/aws-java-sdk-inspector-1.11.505.jar:/root/.m2/repository/com/amazonaws/aws-java-sdk-iot/1.11.505/aws-java-sdk-iot-1.11.505.jar:/root/.m2/repository/com/amazonaws/aws-java-sdk-api-gateway/1.11.505/aws-java-sdk-api-gateway-1.11.505.jar:/root/.m2/repository/com/amazonaws/aws-java-sdk-acm/1.11.505/aws-java-sdk-acm-1.11.505.jar:/root/.m2/repository/com/amazonaws/aws-java-sdk-gamelift/1.11.505/aws-java-sdk-gamelift-1.11.505.jar:/root/.m2/repository/com/amazonaws/aws-java-sdk-dms/1.11.505/aws-java-sdk-dms-1.11.505.jar:/root/.m2/repository/com/amazonaws/aws-java-sdk-marketplacemeteringservice/1.11.505/aws-java-sdk-marketplacemeteringservice-1.11.505.jar:/root/.m2/repository/com/amazonaws/aws-java-sdk-cognitoidp/1.11.505/aws-java-sdk-cognitoidp-1.11.505.jar:/root/.m2/repository/com/amazonaws/aws-java-sdk-discovery/1.11.505/aws-java-sdk-discovery-1.11.505.jar:/root/.m2/repository/com/amazonaws/aws-java-sdk-applicationautoscaling/1.11.505/aws-java-sdk-applicationautoscaling-1.11.505.jar:/root/.m2/repository/com/amazonaws/aws-java-sdk-snowball/1.11.505/aws-java-sdk-snowball-1.11.505.jar:/root/.m2/repository/com/amazonaws/aws-java-sdk-rekognition/1.11.505/aws-java-sdk-rekognition-1.11.505.jar:/root/.m2/repository/com/amazonaws/aws-java-sdk-polly/1.11.505/aws-java-sdk-polly-1.11.505.jar:/root/.m2/repository/com/amazonaws/aws-java-sdk-lightsail/1.11.505/aws-java-sdk-lightsail-1.11.505.jar:/root/.m2/repository/com/amazonaws/aws-java-sdk-stepfunctions/1.11.505/aws-java-sdk-stepfunctions-1.11.505.jar:/root/.m2/repository/com/amazonaws/aws-java-sdk-health/1.11.505/aws-java-sdk-health-1.11.505.jar:/root/.m2/repository/com/amazonaws/aws-java-sdk-costandusagereport/1.11.505/aws-java-sdk-costandusagereport-1.11.505.jar:/root/.m2/repository/com/amazonaws/aws-java-sdk-codebuild/1.11.505/aws-java-sdk-codebuild-1.11.505.jar:/root/.m2/repository/com/amazonaws/aws-java-sdk-appstream/1.11.505/aws-java-sdk-appstream-1.11.505.jar:/root/.m2/repository/com/amazonaws/aws-java-sdk-shield/1.11.505/aws-java-sdk-shield-1.11.505.jar:/root/.m2/repository/com/amazonaws/aws-java-sdk-batch/1.11.505/aws-java-sdk-batch-1.11.505.jar:/root/.m2/repository/com/amazonaws/aws-java-sdk-lex/1.11.505/aws-java-sdk-lex-1.11.505.jar:/root/.m2/repository/com/amazonaws/aws-java-sdk-mechanicalturkrequester/1.11.505/aws-java-sdk-mechanicalturkrequester-1.11.505.jar:/root/.m2/repository/com/amazonaws/aws-java-sdk-organizations/1.11.505/aws-java-sdk-organizations-1.11.505.jar:/root/.m2/repository/com/amazonaws/aws-java-sdk-workdocs/1.11.505/aws-java-sdk-workdocs-1.11.505.jar:/root/.m2/repository/com/amazonaws/aws-java-sdk-core/1.11.505/aws-java-sdk-core-1.11.505.jar:/root/.m2/repository/commons-logging/commons-logging/1.1.3/commons-logging-1.1.3.jar:/root/.m2/repository/org/apache/httpcomponents/httpclient/4.5.5/httpclient-4.5.5.jar:/root/.m2/repository/org/apache/httpcomponents/httpcore/4.4.9/httpcore-4.4.9.jar:/root/.m2/repository/commons-codec/commons-codec/1.10/commons-codec-1.10.jar:/root/.m2/repository/software/amazon/ion/ion-java/1.0.2/ion-java-1.0.2.jar:/root/.m2/repository/com/fasterxml/jackson/dataformat/jackson-dataformat-cbor/2.6.7/jackson-dataformat-cbor-2.6.7.jar:/root/.m2/repository/com/amazonaws/aws-java-sdk-models/1.11.505/aws-java-sdk-models-1.11.505.jar:/root/.m2/repository/com/amazonaws/aws-java-sdk-swf-libraries/1.11.22/aws-java-sdk-swf-libraries-1.11.22.jar:"/>
    <property name="sun.cpu.endian" value="little"/>
    <property name="user.home" value="/root"/>
    <property name="user.language" value="en"/>
    <property name="java.specification.vendor" value="Oracle Corporation"/>
    <property name="java.home" value="/usr/java/jdk1.8.0_144/jre"/>
    <property name="basedir" value="/opt/belajar-maven"/>
    <property name="file.separator" value="/"/>
    <property name="line.separator" value="&#10;"/>
    <property name="java.vm.specification.vendor" value="Oracle Corporation"/>
    <property name="java.specification.name" value="Java Platform API Specification"/>
    <property name="java.awt.graphicsenv" value="sun.awt.X11GraphicsEnvironment"/>
    <property name="surefire.real.class.path" value="/opt/belajar-maven/target/surefire/surefirebooter8161641974356633097.jar"/>
    <property name="sun.boot.class.path" value="/usr/java/jdk1.8.0_144/jre/lib/resources.jar:/usr/java/jdk1.8.0_144/jre/lib/rt.jar:/usr/java/jdk1.8.0_144/jre/lib/sunrsasign.jar:/usr/java/jdk1.8.0_144/jre/lib/jsse.jar:/usr/java/jdk1.8.0_144/jre/lib/jce.jar:/usr/java/jdk1.8.0_144/jre/lib/charsets.jar:/usr/java/jdk1.8.0_144/jre/lib/jfr.jar:/usr/java/jdk1.8.0_144/jre/classes"/>
    <property name="sun.management.compiler" value="HotSpot 64-Bit Tiered Compilers"/>
    <property name="java.runtime.version" value="1.8.0_144-b01"/>
    <property name="user.name" value="root"/>
    <property name="path.separator" value=":"/>
    <property name="os.version" value="3.10.0-957.5.1.el7.x86_64"/>
    <property name="java.endorsed.dirs" value="/usr/java/jdk1.8.0_144/jre/lib/endorsed"/>
    <property name="java.runtime.name" value="Java(TM) SE Runtime Environment"/>
    <property name="file.encoding" value="UTF-8"/>
    <property name="java.vm.name" value="Java HotSpot(TM) 64-Bit Server VM"/>
    <property name="localRepository" value="/root/.m2/repository"/>
    <property name="java.vendor.url.bug" value="http://bugreport.sun.com/bugreport/"/>
    <property name="java.io.tmpdir" value="/tmp"/>
    <property name="java.version" value="1.8.0_144"/>
    <property name="user.dir" value="/opt/belajar-maven"/>
    <property name="os.arch" value="amd64"/>
    <property name="java.vm.specification.name" value="Java Virtual Machine Specification"/>
    <property name="java.awt.printerjob" value="sun.print.PSPrinterJob"/>
    <property name="sun.os.patch.level" value="unknown"/>
    <property name="java.library.path" value="/usr/java/packages/lib/amd64:/usr/lib64:/lib64:/lib:/usr/lib"/>
    <property name="java.vm.info" value="mixed mode"/>
    <property name="java.vendor" value="Oracle Corporation"/>
    <property name="java.vm.version" value="25.144-b01"/>
    <property name="java.ext.dirs" value="/usr/java/jdk1.8.0_144/jre/lib/ext:/usr/java/packages/lib/ext"/>
    <property name="sun.io.unicode.encoding" value="UnicodeLittle"/>
    <property name="java.class.version" value="52.0"/>
  </properties>
  <testcase name="shouldAnswerWithTrue" classname="latihan.candra.AppTest" time="0.019"/>
</testsuite>